==========================================
SLURM_JOB_ID = 2006400
SLURM_NODELIST = c6-81
CUDA_VISIBLE_DEVICES = 
==========================================
Sage hello from task 1026
Input file:/home/wangjw/jiawei-computations/test_instances/extreme_functions/extreme_33_2s.sobj
Output file:/home/wangjw/jiawei-computations/jiawei-computational-results/results_datatable/sbb_bb_mixed_bound/extreme_33_2s.csv
Traceback (most recent call last):
  File "/var/spool/slurmd/job2006400/slurm_script", line 30, in <module>
    report_performance(function, output_file_name, iterations=30, args=[fn], kwargs = branch_parameters)
  File "<string>", line 38, in report_performance
  File "<string>", line 23, in measure_time_resource
  File "<string>", line 68, in is_objective_goal_reached_zero
  File "<string>", line 84, in is_objective_goal_reached
  File "/home/wangjw/.sage/temp/c6-81/12723/faster_subadditivity_test.sagesd4gja29.py", line 632, in is_subadditive
    self.node_branching(current_node,search_method=search_method,find_min=False,stop_only_if_strict=cache_additive_vertices,**kwds)
  File "/home/wangjw/.sage/temp/c6-81/12723/faster_subadditivity_test.sagesd4gja29.py", line 563, in node_branching
    self.unfathomed_node_list.put((node.right_child.delta_pi_lower_bound(**kwds),node.right_child))
  File "/home/wangjw/.sage/temp/c6-81/12723/faster_subadditivity_test.sagesd4gja29.py", line 320, in delta_pi_lower_bound
    lower_bound, estimators=self.delta_pi_affine_lower_bound(solver=solver)
  File "/home/wangjw/.sage/temp/c6-81/12723/faster_subadditivity_test.sagesd4gja29.py", line 274, in delta_pi_affine_lower_bound
    p.solve()
  File "sage/numerical/mip.pyx", line 2260, in sage.numerical.mip.MixedIntegerLinearProgram.solve (build/cythonized/sage/numerical/mip.c:15418)
  File "sage/numerical/backends/cplex_backend.pyx", line 931, in sage.numerical.backends.cplex_backend.CPLEXBackend.solve (build/cythonized/sage/numerical/backends/cplex_backend.c:10138)
  File "sage/numerical/backends/cplex_backend.pyx", line 1687, in sage.numerical.backends.cplex_backend.check (build/cythonized/sage/numerical/backends/cplex_backend.c:15142)
sage.numerical.mip.MIPSolverException: CPLEX: CPXERR_THREAD_FAILED
