==========================================
SLURM_JOB_ID = 2000431
SLURM_NODELIST = c5-71
CUDA_VISIBLE_DEVICES = 
==========================================
Sage hello from task 75
Input file:/home/wangjw/jiawei-computations/test_instances/minimal_functions/minimal_32_2s.sobj
Output file:/home/wangjw/jiawei-computations/jiawei-computational-results/results_datatable/sbb_bfs_mixed_bound/minimal_32_2s.csv
Traceback (most recent call last):
  File "/var/spool/slurmd/job2000431/slurm_script", line 30, in <module>
    report_performance(function, output_file_name, iterations=30, args=[fn], kwargs = branch_parameters)
  File "<string>", line 38, in report_performance
  File "<string>", line 23, in measure_time_resource
  File "<string>", line 108, in minimum_of_delta_pi
  File "/home/wangjw/.sage/temp/c5-71/9677/faster_subadditivity_test.sageb9wd6bzq.py", line 651, in minimum
    self.node_branching(current_node,search_method=search_method,find_min=True,stop_only_if_strict=False,**kwds)
  File "/home/wangjw/.sage/temp/c5-71/9677/faster_subadditivity_test.sageb9wd6bzq.py", line 547, in node_branching
    node.generate_children(self.global_upper_bound,stop_only_if_strict,**kwds)
  File "/home/wangjw/.sage/temp/c5-71/9677/faster_subadditivity_test.sageb9wd6bzq.py", line 388, in generate_children
    if not self.is_fathomed(upper_bound,stop_only_if_strict,**kwds):
  File "/home/wangjw/.sage/temp/c5-71/9677/faster_subadditivity_test.sageb9wd6bzq.py", line 404, in is_fathomed
    if self.delta_pi_lower_bound(**kwds)>=value:
  File "/home/wangjw/.sage/temp/c5-71/9677/faster_subadditivity_test.sageb9wd6bzq.py", line 320, in delta_pi_lower_bound
    lower_bound, estimators=self.delta_pi_affine_lower_bound(solver=solver)
  File "/home/wangjw/.sage/temp/c5-71/9677/faster_subadditivity_test.sageb9wd6bzq.py", line 274, in delta_pi_affine_lower_bound
    p.solve()
  File "sage/numerical/mip.pyx", line 2260, in sage.numerical.mip.MixedIntegerLinearProgram.solve (build/cythonized/sage/numerical/mip.c:15418)
  File "sage/numerical/backends/cplex_backend.pyx", line 931, in sage.numerical.backends.cplex_backend.CPLEXBackend.solve (build/cythonized/sage/numerical/backends/cplex_backend.c:10138)
  File "sage/numerical/backends/cplex_backend.pyx", line 1687, in sage.numerical.backends.cplex_backend.check (build/cythonized/sage/numerical/backends/cplex_backend.c:15142)
sage.numerical.mip.MIPSolverException: CPLEX: CPXERR_THREAD_FAILED
