==========================================
SLURM_JOB_ID = 1998473
SLURM_NODELIST = c5-86
CUDA_VISIBLE_DEVICES = 
==========================================
Sage hello from task 975
Input file:/home/wangjw/jiawei-computations/test_instances/minimal_functions/minimal_32_2s.sobj
Output file:/home/wangjw/jiawei-computations/jiawei-computational-results/results_datatable/sbb_bb_lp_bound/minimal_32_2s.csv
Traceback (most recent call last):
  File "/var/spool/slurmd/job1998473/slurm_script", line 30, in <module>
    report_performance(function, output_file_name, iterations=30, args=[fn], kwargs = branch_parameters)
  File "<string>", line 38, in report_performance
  File "<string>", line 23, in measure_time_resource
  File "<string>", line 57, in maximal_additive_faces_generation
  File "/home/wangjw/.sage/temp/c5-86/17229/faster_subadditivity_test.sagehxta8jss.py", line 671, in generate_maximal_additive_faces
    self.node_branching(current_node,search_method=search_method,find_min=False,stop_only_if_strict=True,**kwds)
  File "/home/wangjw/.sage/temp/c5-86/17229/faster_subadditivity_test.sagehxta8jss.py", line 563, in node_branching
    self.unfathomed_node_list.put((node.right_child.delta_pi_lower_bound(**kwds),node.right_child))
  File "/home/wangjw/.sage/temp/c5-86/17229/faster_subadditivity_test.sagehxta8jss.py", line 320, in delta_pi_lower_bound
    lower_bound, estimators=self.delta_pi_affine_lower_bound(solver=solver)
  File "/home/wangjw/.sage/temp/c5-86/17229/faster_subadditivity_test.sagehxta8jss.py", line 274, in delta_pi_affine_lower_bound
    p.solve()
  File "sage/numerical/mip.pyx", line 2260, in sage.numerical.mip.MixedIntegerLinearProgram.solve (build/cythonized/sage/numerical/mip.c:15418)
  File "sage/numerical/backends/cplex_backend.pyx", line 931, in sage.numerical.backends.cplex_backend.CPLEXBackend.solve (build/cythonized/sage/numerical/backends/cplex_backend.c:10138)
  File "sage/numerical/backends/cplex_backend.pyx", line 1687, in sage.numerical.backends.cplex_backend.check (build/cythonized/sage/numerical/backends/cplex_backend.c:15142)
sage.numerical.mip.MIPSolverException: CPLEX: CPXERR_THREAD_FAILED
